2025-05-14 09:13:03: == Sync Started by User Command
2025-05-14 09:13:06: GsConnectAndSetRoot1 connected to msgraph://graph.microsoft.com/:drive:FCF7DA85B79B963A/School - Subject Notes/TY-Introduction-to-Coding-with-Python
2025-05-14 09:13:06: GsConnectAndSetRoot1 connected to msgraph://graph.microsoft.com/:drive:FCF7DA85B79B963A/School - Subject Notes/TY-Introduction-to-Coding-with-Python
2025-05-14 09:13:06: GsConnectAndSetRoot1 connected to msgraph://graph.microsoft.com/:drive:FCF7DA85B79B963A/School - Subject Notes/TY-Introduction-to-Coding-with-Python
2025-05-14 09:13:06: GsConnectAndSetRoot1 connected to goodrive://www.googleapis.com/:shareddrives:/ICT Department/TY Coding Module
2025-05-14 09:13:06: GsConnectAndSetRoot1 connected to goodrive://www.googleapis.com/:shareddrives:/ICT Department/TY Coding Module
2025-05-14 09:13:06: GsConnectAndSetRoot1 connected to goodrive://www.googleapis.com/:shareddrives:/ICT Department/TY Coding Module
2025-05-14 09:13:08: Create Folder goodrive://www.googleapis.com/:shareddrives:/ICT Department/TY Coding Module/.git
2025-05-14 09:13:08: Create Folder goodrive://www.googleapis.com/:shareddrives:/ICT Department/TY Coding Module/Lesson 01 - Introduction
2025-05-14 09:13:09: Create Folder goodrive://www.googleapis.com/:shareddrives:/ICT Department/TY Coding Module/Lesson 01 - Introduction/.ts
2025-05-14 09:13:11: Copy New 'msgraph://graph.microsoft.com/:drive:FCF7DA85B79B963A/School - Subject Notes/TY-Introduction-to-Coding-with-Python/.gitattributes' -> 'goodrive://www.googleapis.com/:shareddrives:/ICT Department/TY Coding Module/.gitattributes' (68)
2025-05-14 09:13:12: Copy New 'msgraph://graph.microsoft.com/:drive:FCF7DA85B79B963A/School - Subject Notes/TY-Introduction-to-Coding-with-Python/Lesson 01.ipynb' -> 'goodrive://www.googleapis.com/:shareddrives:/ICT Department/TY Coding Module/Lesson 01.ipynb' (1,301)
2025-05-14 09:13:14: Copy New 'msgraph://graph.microsoft.com/:drive:FCF7DA85B79B963A/School - Subject Notes/TY-Introduction-to-Coding-with-Python/.git/COMMIT_EDITMSG' -> 'goodrive://www.googleapis.com/:shareddrives:/ICT Department/TY Coding Module/.git/COMMIT_EDITMSG' (23)
2025-05-14 09:13:16: Copy New 'msgraph://graph.microsoft.com/:drive:FCF7DA85B79B963A/School - Subject Notes/TY-Introduction-to-Coding-with-Python/Lesson 01 - Introduction/.ts/Lesson 01 - Creating your First program.pdf.jpg' -> 'goodrive://www.googleapis.com/:shareddrives:/ICT Department/TY Coding Module/Lesson 01 - Introduction/.ts/Lesson 01 - Creating your First program.pdf.jpg' (28,202)
2025-05-14 09:13:17: Copy New 'msgraph://graph.microsoft.com/:drive:FCF7DA85B79B963A/School - Subject Notes/TY-Introduction-to-Coding-with-Python/Lesson 01 - Introduction/.ts/Lesson 01 - Creating your First program.pdf.txt' -> 'goodrive://www.googleapis.com/:shareddrives:/ICT Department/TY Coding Module/Lesson 01 - Introduction/.ts/Lesson 01 - Creating your First program.pdf.txt' (1,763)
2025-05-14 09:13:19: Copy New 'msgraph://graph.microsoft.com/:drive:FCF7DA85B79B963A/School - Subject Notes/TY-Introduction-to-Coding-with-Python/Lesson 01 - Introduction/.ts/tsm.json' -> 'goodrive://www.googleapis.com/:shareddrives:/ICT Department/TY Coding Module/Lesson 01 - Introduction/.ts/tsm.json' (129)
2025-05-14 09:13:21: Copy New 'msgraph://graph.microsoft.com/:drive:FCF7DA85B79B963A/School - Subject Notes/TY-Introduction-to-Coding-with-Python/.git/config' -> 'goodrive://www.googleapis.com/:shareddrives:/ICT Department/TY Coding Module/.git/config' (424)
2025-05-14 09:13:21: Copy New 'msgraph://graph.microsoft.com/:drive:FCF7DA85B79B963A/School - Subject Notes/TY-Introduction-to-Coding-with-Python/.git/description' -> 'goodrive://www.googleapis.com/:shareddrives:/ICT Department/TY Coding Module/.git/description' (73)
2025-05-14 09:13:26: Copy New 'msgraph://graph.microsoft.com/:drive:FCF7DA85B79B963A/School - Subject Notes/TY-Introduction-to-Coding-with-Python/.git/HEAD' -> 'goodrive://www.googleapis.com/:shareddrives:/ICT Department/TY Coding Module/.git/HEAD' (21)
2025-05-14 09:13:26: Copy New 'msgraph://graph.microsoft.com/:drive:FCF7DA85B79B963A/School - Subject Notes/TY-Introduction-to-Coding-with-Python/.git/FETCH_HEAD-GALACTICA' -> 'goodrive://www.googleapis.com/:shareddrives:/ICT Department/TY Coding Module/.git/FETCH_HEAD-GALACTICA' (129)
2025-05-14 09:13:27: Create Folder goodrive://www.googleapis.com/:shareddrives:/ICT Department/TY Coding Module/.git/hooks
2025-05-14 09:13:28: Create Folder goodrive://www.googleapis.com/:shareddrives:/ICT Department/TY Coding Module/.git/info
2025-05-14 09:13:30: Copy New 'msgraph://graph.microsoft.com/:drive:FCF7DA85B79B963A/School - Subject Notes/TY-Introduction-to-Coding-with-Python/.git/index' -> 'goodrive://www.googleapis.com/:shareddrives:/ICT Department/TY Coding Module/.git/index' (8,446)
2025-05-14 09:13:32: Copy New 'msgraph://graph.microsoft.com/:drive:FCF7DA85B79B963A/School - Subject Notes/TY-Introduction-to-Coding-with-Python/.git/hooks/applypatch-msg.sample' -> 'goodrive://www.googleapis.com/:shareddrives:/ICT Department/TY Coding Module/.git/hooks/applypatch-msg.sample' (478)
2025-05-14 09:13:35: Copy New 'msgraph://graph.microsoft.com/:drive:FCF7DA85B79B963A/School - Subject Notes/TY-Introduction-to-Coding-with-Python/.git/info/exclude' -> 'goodrive://www.googleapis.com/:shareddrives:/ICT Department/TY Coding Module/.git/info/exclude' (240)
2025-05-14 09:13:37: Copy New 'msgraph://graph.microsoft.com/:drive:FCF7DA85B79B963A/School - Subject Notes/TY-Introduction-to-Coding-with-Python/.git/hooks/commit-msg.sample' -> 'goodrive://www.googleapis.com/:shareddrives:/ICT Department/TY Coding Module/.git/hooks/commit-msg.sample' (896)
2025-05-14 09:13:39: Copy New 'msgraph://graph.microsoft.com/:drive:FCF7DA85B79B963A/School - Subject Notes/TY-Introduction-to-Coding-with-Python/.git/hooks/fsmonitor-watchman.sample' -> 'goodrive://www.googleapis.com/:shareddrives:/ICT Department/TY Coding Module/.git/hooks/fsmonitor-watchman.sample' (4,726)
2025-05-14 09:13:41: Copy New 'msgraph://graph.microsoft.com/:drive:FCF7DA85B79B963A/School - Subject Notes/TY-Introduction-to-Coding-with-Python/.git/hooks/post-update.sample' -> 'goodrive://www.googleapis.com/:shareddrives:/ICT Department/TY Coding Module/.git/hooks/post-update.sample' (189)
2025-05-14 09:13:43: Copy New 'msgraph://graph.microsoft.com/:drive:FCF7DA85B79B963A/School - Subject Notes/TY-Introduction-to-Coding-with-Python/.git/hooks/pre-applypatch.sample' -> 'goodrive://www.googleapis.com/:shareddrives:/ICT Department/TY Coding Module/.git/hooks/pre-applypatch.sample' (424)
2025-05-14 09:13:44: Copy New 'msgraph://graph.microsoft.com/:drive:FCF7DA85B79B963A/School - Subject Notes/TY-Introduction-to-Coding-with-Python/.git/FETCH_HEAD' -> 'goodrive://www.googleapis.com/:shareddrives:/ICT Department/TY Coding Module/.git/FETCH_HEAD' (129)
2025-05-14 09:13:47: Copy New 'msgraph://graph.microsoft.com/:drive:FCF7DA85B79B963A/School - Subject Notes/TY-Introduction-to-Coding-with-Python/.git/hooks/pre-commit.sample' -> 'goodrive://www.googleapis.com/:shareddrives:/ICT Department/TY Coding Module/.git/hooks/pre-commit.sample' (1,649)
2025-05-14 09:13:47: Copy New 'msgraph://graph.microsoft.com/:drive:FCF7DA85B79B963A/School - Subject Notes/TY-Introduction-to-Coding-with-Python/.git/hooks/pre-merge-commit.sample' -> 'goodrive://www.googleapis.com/:shareddrives:/ICT Department/TY Coding Module/.git/hooks/pre-merge-commit.sample' (416)
2025-05-14 09:13:48: Copy New 'msgraph://graph.microsoft.com/:drive:FCF7DA85B79B963A/School - Subject Notes/TY-Introduction-to-Coding-with-Python/.git/hooks/pre-push.sample' -> 'goodrive://www.googleapis.com/:shareddrives:/ICT Department/TY Coding Module/.git/hooks/pre-push.sample' (1,374)
2025-05-14 09:13:51: Copy New 'msgraph://graph.microsoft.com/:drive:FCF7DA85B79B963A/School - Subject Notes/TY-Introduction-to-Coding-with-Python/.git/hooks/pre-rebase.sample' -> 'goodrive://www.googleapis.com/:shareddrives:/ICT Department/TY Coding Module/.git/hooks/pre-rebase.sample' (4,898)
2025-05-14 09:13:51: Copy New 'msgraph://graph.microsoft.com/:drive:FCF7DA85B79B963A/School - Subject Notes/TY-Introduction-to-Coding-with-Python/.git/hooks/pre-receive.sample' -> 'goodrive://www.googleapis.com/:shareddrives:/ICT Department/TY Coding Module/.git/hooks/pre-receive.sample' (544)
2025-05-14 09:13:52: Copy New 'msgraph://graph.microsoft.com/:drive:FCF7DA85B79B963A/School - Subject Notes/TY-Introduction-to-Coding-with-Python/.git/hooks/prepare-commit-msg.sample' -> 'goodrive://www.googleapis.com/:shareddrives:/ICT Department/TY Coding Module/.git/hooks/prepare-commit-msg.sample' (1,492)
2025-05-14 09:13:55: Copy New 'msgraph://graph.microsoft.com/:drive:FCF7DA85B79B963A/School - Subject Notes/TY-Introduction-to-Coding-with-Python/.git/hooks/push-to-checkout.sample' -> 'goodrive://www.googleapis.com/:shareddrives:/ICT Department/TY Coding Module/.git/hooks/push-to-checkout.sample' (2,783)
2025-05-14 09:13:56: Copy New 'msgraph://graph.microsoft.com/:drive:FCF7DA85B79B963A/School - Subject Notes/TY-Introduction-to-Coding-with-Python/.git/hooks/sendemail-validate.sample' -> 'goodrive://www.googleapis.com/:shareddrives:/ICT Department/TY Coding Module/.git/hooks/sendemail-validate.sample' (2,308)
2025-05-14 09:13:56: Copy New 'msgraph://graph.microsoft.com/:drive:FCF7DA85B79B963A/School - Subject Notes/TY-Introduction-to-Coding-with-Python/.git/hooks/update.sample' -> 'goodrive://www.googleapis.com/:shareddrives:/ICT Department/TY Coding Module/.git/hooks/update.sample' (3,650)
2025-05-14 09:13:56: Create Folder goodrive://www.googleapis.com/:shareddrives:/ICT Department/TY Coding Module/.git/logs
2025-05-14 09:13:57: Create Folder goodrive://www.googleapis.com/:shareddrives:/ICT Department/TY Coding Module/.git/objects
2025-05-14 09:14:00: Copy New 'msgraph://graph.microsoft.com/:drive:FCF7DA85B79B963A/School - Subject Notes/TY-Introduction-to-Coding-with-Python/.git/ORIG_HEAD' -> 'goodrive://www.googleapis.com/:shareddrives:/ICT Department/TY Coding Module/.git/ORIG_HEAD' (41)
2025-05-14 09:14:01: Copy New 'msgraph://graph.microsoft.com/:drive:FCF7DA85B79B963A/School - Subject Notes/TY-Introduction-to-Coding-with-Python/.git/packed-refs' -> 'goodrive://www.googleapis.com/:shareddrives:/ICT Department/TY Coding Module/.git/packed-refs' (112)
2025-05-14 09:14:01: Create Folder goodrive://www.googleapis.com/:shareddrives:/ICT Department/TY Coding Module/.git/objects/05
2025-05-14 09:14:01: Copy New 'msgraph://graph.microsoft.com/:drive:FCF7DA85B79B963A/School - Subject Notes/TY-Introduction-to-Coding-with-Python/.git/logs/HEAD' -> 'goodrive://www.googleapis.com/:shareddrives:/ICT Department/TY Coding Module/.git/logs/HEAD' (1,196)
2025-05-14 09:14:02: Create Folder goodrive://www.googleapis.com/:shareddrives:/ICT Department/TY Coding Module/.git/objects/0e
2025-05-14 09:14:02: Create Folder goodrive://www.googleapis.com/:shareddrives:/ICT Department/TY Coding Module/.git/objects/18
2025-05-14 09:14:03: Create Folder goodrive://www.googleapis.com/:shareddrives:/ICT Department/TY Coding Module/.git/objects/21
2025-05-14 09:14:06: Copy New 'msgraph://graph.microsoft.com/:drive:FCF7DA85B79B963A/School - Subject Notes/TY-Introduction-to-Coding-with-Python/.git/objects/05/c7adbdce8deecb12c0dc7b937221954c9dee4a' -> 'goodrive://www.googleapis.com/:shareddrives:/ICT Department/TY Coding Module/.git/objects/05/c7adbdce8deecb12c0dc7b937221954c9dee4a' (169)
2025-05-14 09:14:07: Copy New 'msgraph://graph.microsoft.com/:drive:FCF7DA85B79B963A/School - Subject Notes/TY-Introduction-to-Coding-with-Python/.git/objects/0e/94fe269d2c27b4993f8d865db5fa7cd0a43add' -> 'goodrive://www.googleapis.com/:shareddrives:/ICT Department/TY Coding Module/.git/objects/0e/94fe269d2c27b4993f8d865db5fa7cd0a43add' (1,596)
2025-05-14 09:14:07: Copy New 'msgraph://graph.microsoft.com/:drive:FCF7DA85B79B963A/School - Subject Notes/TY-Introduction-to-Coding-with-Python/.git/objects/18/548dcc0983c21a52c49c8318acfeb2cd769a7d' -> 'goodrive://www.googleapis.com/:shareddrives:/ICT Department/TY Coding Module/.git/objects/18/548dcc0983c21a52c49c8318acfeb2cd769a7d' (174)
2025-05-14 09:14:08: Create Folder goodrive://www.googleapis.com/:shareddrives:/ICT Department/TY Coding Module/.git/objects/28
2025-05-14 09:14:08: Create Folder goodrive://www.googleapis.com/:shareddrives:/ICT Department/TY Coding Module/.git/objects/31
2025-05-14 09:14:09: Create Folder goodrive://www.googleapis.com/:shareddrives:/ICT Department/TY Coding Module/.git/objects/61
2025-05-14 09:14:11: Copy New 'msgraph://graph.microsoft.com/:drive:FCF7DA85B79B963A/School - Subject Notes/TY-Introduction-to-Coding-with-Python/.git/objects/21/1a0e5fb283814615922458c35503e984881ae1' -> 'goodrive://www.googleapis.com/:shareddrives:/ICT Department/TY Coding Module/.git/objects/21/1a0e5fb283814615922458c35503e984881ae1' (12,567)
2025-05-14 09:14:13: Copy New 'msgraph://graph.microsoft.com/:drive:FCF7DA85B79B963A/School - Subject Notes/TY-Introduction-to-Coding-with-Python/.git/objects/28/2fe7cdd7e6e81b1b5bbbfbf8df1055a51bd111' -> 'goodrive://www.googleapis.com/:shareddrives:/ICT Department/TY Coding Module/.git/objects/28/2fe7cdd7e6e81b1b5bbbfbf8df1055a51bd111' (169)
2025-05-14 09:14:14: Copy New 'msgraph://graph.microsoft.com/:drive:FCF7DA85B79B963A/School - Subject Notes/TY-Introduction-to-Coding-with-Python/.git/objects/31/36491a0e6176f002ceaeb6397257e921ec59d5' -> 'goodrive://www.googleapis.com/:shareddrives:/ICT Department/TY Coding Module/.git/objects/31/36491a0e6176f002ceaeb6397257e921ec59d5' (13,303)
2025-05-14 09:14:14: Create Folder goodrive://www.googleapis.com/:shareddrives:/ICT Department/TY Coding Module/.git/objects/65
2025-05-14 09:14:15: Create Folder goodrive://www.googleapis.com/:shareddrives:/ICT Department/TY Coding Module/.git/objects/6e
2025-05-14 09:14:15: Create Folder goodrive://www.googleapis.com/:shareddrives:/ICT Department/TY Coding Module/.git/objects/76
2025-05-14 09:14:16: Copy New 'msgraph://graph.microsoft.com/:drive:FCF7DA85B79B963A/School - Subject Notes/TY-Introduction-to-Coding-with-Python/.git/objects/61/cf6bba590f36fc72e40aa7601e6aae0e92f1bc' -> 'goodrive://www.googleapis.com/:shareddrives:/ICT Department/TY Coding Module/.git/objects/61/cf6bba590f36fc72e40aa7601e6aae0e92f1bc' (563)
2025-05-14 09:14:19: Copy New 'msgraph://graph.microsoft.com/:drive:FCF7DA85B79B963A/School - Subject Notes/TY-Introduction-to-Coding-with-Python/.git/objects/65/779005fa221c5c0619cb8fb157cb92bce0af7c' -> 'goodrive://www.googleapis.com/:shareddrives:/ICT Department/TY Coding Module/.git/objects/65/779005fa221c5c0619cb8fb157cb92bce0af7c' (1,960)
2025-05-14 09:14:20: Copy New 'msgraph://graph.microsoft.com/:drive:FCF7DA85B79B963A/School - Subject Notes/TY-Introduction-to-Coding-with-Python/.git/objects/6e/d061ee1eb4c7f114c9bbdd6e0f682a83694635' -> 'goodrive://www.googleapis.com/:shareddrives:/ICT Department/TY Coding Module/.git/objects/6e/d061ee1eb4c7f114c9bbdd6e0f682a83694635' (295)
2025-05-14 09:14:21: Create Folder goodrive://www.googleapis.com/:shareddrives:/ICT Department/TY Coding Module/.git/objects/7d
2025-05-14 09:14:22: Copy New 'msgraph://graph.microsoft.com/:drive:FCF7DA85B79B963A/School - Subject Notes/TY-Introduction-to-Coding-with-Python/.git/objects/76/5cf811ff26151d81421eea64f2dbcc30f6d8c8' -> 'goodrive://www.googleapis.com/:shareddrives:/ICT Department/TY Coding Module/.git/objects/76/5cf811ff26151d81421eea64f2dbcc30f6d8c8' (563)
2025-05-14 09:14:22: Create Folder goodrive://www.googleapis.com/:shareddrives:/ICT Department/TY Coding Module/.git/objects/88
2025-05-14 09:14:23: Copy New 'msgraph://graph.microsoft.com/:drive:FCF7DA85B79B963A/School - Subject Notes/TY-Introduction-to-Coding-with-Python/.git/objects/65/aec6f2bb004ee07a28b811e1f31ff065e19768' -> 'goodrive://www.googleapis.com/:shareddrives:/ICT Department/TY Coding Module/.git/objects/65/aec6f2bb004ee07a28b811e1f31ff065e19768' (182)
2025-05-14 09:14:23: Create Folder goodrive://www.googleapis.com/:shareddrives:/ICT Department/TY Coding Module/.git/objects/90
2025-05-14 09:14:24: Create Folder goodrive://www.googleapis.com/:shareddrives:/ICT Department/TY Coding Module/.git/objects/92
2025-05-14 09:14:28: Copy New 'msgraph://graph.microsoft.com/:drive:FCF7DA85B79B963A/School - Subject Notes/TY-Introduction-to-Coding-with-Python/.git/objects/88/1c344607264382bcc2aa198259fedacf722a48' -> 'goodrive://www.googleapis.com/:shareddrives:/ICT Department/TY Coding Module/.git/objects/88/1c344607264382bcc2aa198259fedacf722a48' (10,714)
2025-05-14 09:14:29: Copy New 'msgraph://graph.microsoft.com/:drive:FCF7DA85B79B963A/School - Subject Notes/TY-Introduction-to-Coding-with-Python/.git/objects/90/65f0162131119f942940a3bb013b0fd1114340' -> 'goodrive://www.googleapis.com/:shareddrives:/ICT Department/TY Coding Module/.git/objects/90/65f0162131119f942940a3bb013b0fd1114340' (28,613)
2025-05-14 09:14:30: Create Folder goodrive://www.googleapis.com/:shareddrives:/ICT Department/TY Coding Module/.git/objects/97
2025-05-14 09:14:31: Create Folder goodrive://www.googleapis.com/:shareddrives:/ICT Department/TY Coding Module/.git/objects/9b
2025-05-14 09:14:33: Copy New 'msgraph://graph.microsoft.com/:drive:FCF7DA85B79B963A/School - Subject Notes/TY-Introduction-to-Coding-with-Python/.git/objects/92/5c552499e6753aadee95b3a82c48881b3ef32f' -> 'goodrive://www.googleapis.com/:shareddrives:/ICT Department/TY Coding Module/.git/objects/92/5c552499e6753aadee95b3a82c48881b3ef32f' (161)
2025-05-14 09:14:37: Copy New 'msgraph://graph.microsoft.com/:drive:FCF7DA85B79B963A/School - Subject Notes/TY-Introduction-to-Coding-with-Python/.git/objects/97/f7726d52f9922b678a9751d043bbd34d9beda9' -> 'goodrive://www.googleapis.com/:shareddrives:/ICT Department/TY Coding Module/.git/objects/97/f7726d52f9922b678a9751d043bbd34d9beda9' (21,061)
2025-05-14 09:14:37: Create Folder goodrive://www.googleapis.com/:shareddrives:/ICT Department/TY Coding Module/.git/objects/a6
2025-05-14 09:14:37: Copy New 'msgraph://graph.microsoft.com/:drive:FCF7DA85B79B963A/School - Subject Notes/TY-Introduction-to-Coding-with-Python/.git/objects/9b/5b724b1a91b02b95fb5c85d550a8f15397a456' -> 'goodrive://www.googleapis.com/:shareddrives:/ICT Department/TY Coding Module/.git/objects/9b/5b724b1a91b02b95fb5c85d550a8f15397a456' (496)
2025-05-14 09:14:38: Create Folder goodrive://www.googleapis.com/:shareddrives:/ICT Department/TY Coding Module/.git/objects/b3
2025-05-14 09:14:40: Create Folder goodrive://www.googleapis.com/:shareddrives:/ICT Department/TY Coding Module/.git/objects/c6
2025-05-14 09:14:42: Copy New 'msgraph://graph.microsoft.com/:drive:FCF7DA85B79B963A/School - Subject Notes/TY-Introduction-to-Coding-with-Python/.git/objects/a6/1c724fc5661af5f6877513854f674666781a31' -> 'goodrive://www.googleapis.com/:shareddrives:/ICT Department/TY Coding Module/.git/objects/a6/1c724fc5661af5f6877513854f674666781a31' (563)
2025-05-14 09:14:44: Copy New 'msgraph://graph.microsoft.com/:drive:FCF7DA85B79B963A/School - Subject Notes/TY-Introduction-to-Coding-with-Python/.git/objects/b3/b47462c584c576182084fc2ceae62522bfefaf' -> 'goodrive://www.googleapis.com/:shareddrives:/ICT Department/TY Coding Module/.git/objects/b3/b47462c584c576182084fc2ceae62522bfefaf' (253)
2025-05-14 09:14:47: Copy New 'msgraph://graph.microsoft.com/:drive:FCF7DA85B79B963A/School - Subject Notes/TY-Introduction-to-Coding-with-Python/.git/objects/c6/081f393cb7b457656ff7dbe4b427b2cb58742b' -> 'goodrive://www.googleapis.com/:shareddrives:/ICT Department/TY Coding Module/.git/objects/c6/081f393cb7b457656ff7dbe4b427b2cb58742b' (176)
2025-05-14 09:14:47: Copy New 'msgraph://graph.microsoft.com/:drive:FCF7DA85B79B963A/School - Subject Notes/TY-Introduction-to-Coding-with-Python/.git/objects/7d/389ac965e04ba0f46672108c64f9e4023ebdb6' -> 'goodrive://www.googleapis.com/:shareddrives:/ICT Department/TY Coding Module/.git/objects/7d/389ac965e04ba0f46672108c64f9e4023ebdb6' (541)
2025-05-14 09:14:48: Create Folder goodrive://www.googleapis.com/:shareddrives:/ICT Department/TY Coding Module/.git/objects/cc
2025-05-14 09:14:48: Create Folder goodrive://www.googleapis.com/:shareddrives:/ICT Department/TY Coding Module/.git/objects/ce
2025-05-14 09:14:48: Copy New 'msgraph://graph.microsoft.com/:drive:FCF7DA85B79B963A/School - Subject Notes/TY-Introduction-to-Coding-with-Python/.git/objects/c6/a7e1493e133e0d9ec099ca8a511d0e2f04dd2b' -> 'goodrive://www.googleapis.com/:shareddrives:/ICT Department/TY Coding Module/.git/objects/c6/a7e1493e133e0d9ec099ca8a511d0e2f04dd2b' (21,507)
2025-05-14 09:14:49: Create Folder goodrive://www.googleapis.com/:shareddrives:/ICT Department/TY Coding Module/.git/objects/e9
2025-05-14 09:14:50: Create Folder goodrive://www.googleapis.com/:shareddrives:/ICT Department/TY Coding Module/.git/objects/eb
2025-05-14 09:14:52: Copy New 'msgraph://graph.microsoft.com/:drive:FCF7DA85B79B963A/School - Subject Notes/TY-Introduction-to-Coding-with-Python/.git/objects/cc/5c8e5d693cb398e0918de570f1f5b94e996a29' -> 'goodrive://www.googleapis.com/:shareddrives:/ICT Department/TY Coding Module/.git/objects/cc/5c8e5d693cb398e0918de570f1f5b94e996a29' (133)
2025-05-14 09:14:54: Copy New 'msgraph://graph.microsoft.com/:drive:FCF7DA85B79B963A/School - Subject Notes/TY-Introduction-to-Coding-with-Python/.git/objects/ce/769b28d512c4b06efe87bdb2d717676e617b15' -> 'goodrive://www.googleapis.com/:shareddrives:/ICT Department/TY Coding Module/.git/objects/ce/769b28d512c4b06efe87bdb2d717676e617b15' (537)
2025-05-14 09:14:54: Copy New 'msgraph://graph.microsoft.com/:drive:FCF7DA85B79B963A/School - Subject Notes/TY-Introduction-to-Coding-with-Python/.git/objects/e9/9a7e3ce36c351e9a66add5d18164da2c1ba730' -> 'goodrive://www.googleapis.com/:shareddrives:/ICT Department/TY Coding Module/.git/objects/e9/9a7e3ce36c351e9a66add5d18164da2c1ba730' (17,029)
2025-05-14 09:14:54: Create Folder goodrive://www.googleapis.com/:shareddrives:/ICT Department/TY Coding Module/.git/objects/ed
2025-05-14 09:14:55: Create Folder goodrive://www.googleapis.com/:shareddrives:/ICT Department/TY Coding Module/.git/objects/fc
2025-05-14 09:14:55: Create Folder goodrive://www.googleapis.com/:shareddrives:/ICT Department/TY Coding Module/.git/objects/fa
2025-05-14 09:14:57: Copy New 'msgraph://graph.microsoft.com/:drive:FCF7DA85B79B963A/School - Subject Notes/TY-Introduction-to-Coding-with-Python/.git/objects/eb/ad8904bf68ef6b60de42e7d3e981a18ddf088a' -> 'goodrive://www.googleapis.com/:shareddrives:/ICT Department/TY Coding Module/.git/objects/eb/ad8904bf68ef6b60de42e7d3e981a18ddf088a' (160)
2025-05-14 09:15:00: Copy New 'msgraph://graph.microsoft.com/:drive:FCF7DA85B79B963A/School - Subject Notes/TY-Introduction-to-Coding-with-Python/.git/objects/ed/fbbf4db5be82d4a47603047acb59060f0e43fb' -> 'goodrive://www.googleapis.com/:shareddrives:/ICT Department/TY Coding Module/.git/objects/ed/fbbf4db5be82d4a47603047acb59060f0e43fb' (28,742)
2025-05-14 09:15:00: Copy New 'msgraph://graph.microsoft.com/:drive:FCF7DA85B79B963A/School - Subject Notes/TY-Introduction-to-Coding-with-Python/.git/objects/fc/0bbd2f03759e2b5706d42245575ab7e968badb' -> 'goodrive://www.googleapis.com/:shareddrives:/ICT Department/TY Coding Module/.git/objects/fc/0bbd2f03759e2b5706d42245575ab7e968badb' (523)
2025-05-14 09:15:01: Create Folder goodrive://www.googleapis.com/:shareddrives:/ICT Department/TY Coding Module/.git/objects/pack
2025-05-14 09:15:01: Create Folder goodrive://www.googleapis.com/:shareddrives:/ICT Department/TY Coding Module/.git/objects/info
2025-05-14 09:15:02: Copy New 'msgraph://graph.microsoft.com/:drive:FCF7DA85B79B963A/School - Subject Notes/TY-Introduction-to-Coding-with-Python/.git/objects/fa/f78584a9d818bec1ffd2653f63b195f087f79a' -> 'goodrive://www.googleapis.com/:shareddrives:/ICT Department/TY Coding Module/.git/objects/fa/f78584a9d818bec1ffd2653f63b195f087f79a' (413)
2025-05-14 09:15:02: Create Folder goodrive://www.googleapis.com/:shareddrives:/ICT Department/TY Coding Module/.git/logs/refs
2025-05-14 09:15:02: > Copy New 'msgraph://graph.microsoft.com/:drive:FCF7DA85B79B963A/School - Subject Notes/TY-Introduction-to-Coding-with-Python/.git/objects/pack/pack-4f6a8949f20c5a2e85374a3008a84661305936e0.pack' -> 'goodrive://www.googleapis.com/:shareddrives:/ICT Department/TY Coding Module/.git/objects/pack/pack-4f6a8949f20c5a2e85374a3008a84661305936e0.pack' (18,713,706)
2025-05-14 09:15:03: Create Folder goodrive://www.googleapis.com/:shareddrives:/ICT Department/TY Coding Module/.git/logs/refs/heads
2025-05-14 09:15:04: Create Folder goodrive://www.googleapis.com/:shareddrives:/ICT Department/TY Coding Module/.git/logs/refs/remotes
2025-05-14 09:15:05: Copy New 'msgraph://graph.microsoft.com/:drive:FCF7DA85B79B963A/School - Subject Notes/TY-Introduction-to-Coding-with-Python/.git/objects/pack/pack-4f6a8949f20c5a2e85374a3008a84661305936e0.idx' -> 'goodrive://www.googleapis.com/:shareddrives:/ICT Department/TY Coding Module/.git/objects/pack/pack-4f6a8949f20c5a2e85374a3008a84661305936e0.idx' (6,056)
2025-05-14 09:15:07: Create Folder goodrive://www.googleapis.com/:shareddrives:/ICT Department/TY Coding Module/.git/logs/refs/remotes/origin
2025-05-14 09:15:09: Copy New 'msgraph://graph.microsoft.com/:drive:FCF7DA85B79B963A/School - Subject Notes/TY-Introduction-to-Coding-with-Python/.git/logs/refs/heads/main' -> 'goodrive://www.googleapis.com/:shareddrives:/ICT Department/TY Coding Module/.git/logs/refs/heads/main' (1,196)
2025-05-14 09:15:11: Copy New 'msgraph://graph.microsoft.com/:drive:FCF7DA85B79B963A/School - Subject Notes/TY-Introduction-to-Coding-with-Python/.git/objects/pack/pack-4f6a8949f20c5a2e85374a3008a84661305936e0.rev' -> 'goodrive://www.googleapis.com/:shareddrives:/ICT Department/TY Coding Module/.git/objects/pack/pack-4f6a8949f20c5a2e85374a3008a84661305936e0.rev' (764)
2025-05-14 09:15:13: Copy New 'msgraph://graph.microsoft.com/:drive:FCF7DA85B79B963A/School - Subject Notes/TY-Introduction-to-Coding-with-Python/.git/logs/refs/remotes/origin/HEAD' -> 'goodrive://www.googleapis.com/:shareddrives:/ICT Department/TY Coding Module/.git/logs/refs/remotes/origin/HEAD' (814)
2025-05-14 09:15:15: Copy New 'msgraph://graph.microsoft.com/:drive:FCF7DA85B79B963A/School - Subject Notes/TY-Introduction-to-Coding-with-Python/.git/logs/refs/remotes/origin/HEAD-GALACTICA' -> 'goodrive://www.googleapis.com/:shareddrives:/ICT Department/TY Coding Module/.git/logs/refs/remotes/origin/HEAD-GALACTICA' (666)
2025-05-14 09:15:16: Create Folder goodrive://www.googleapis.com/:shareddrives:/ICT Department/TY Coding Module/.git/refs
2025-05-14 09:15:17: Create Folder goodrive://www.googleapis.com/:shareddrives:/ICT Department/TY Coding Module/Lesson 01 - Introduction/Exercises
2025-05-14 09:15:17: Copy New 'msgraph://graph.microsoft.com/:drive:FCF7DA85B79B963A/School - Subject Notes/TY-Introduction-to-Coding-with-Python/.git/logs/refs/remotes/origin/main' -> 'goodrive://www.googleapis.com/:shareddrives:/ICT Department/TY Coding Module/.git/logs/refs/remotes/origin/main' (911)
2025-05-14 09:15:18: Create Folder goodrive://www.googleapis.com/:shareddrives:/ICT Department/TY Coding Module/.git/refs/heads
2025-05-14 09:15:22: Copy New 'msgraph://graph.microsoft.com/:drive:FCF7DA85B79B963A/School - Subject Notes/TY-Introduction-to-Coding-with-Python/Lesson 01 - Introduction/Exercises/Lesson 01 - Exercises.md' -> 'goodrive://www.googleapis.com/:shareddrives:/ICT Department/TY Coding Module/Lesson 01 - Introduction/Exercises/Lesson 01 - Exercises.md' (2,642)
2025-05-14 09:15:22: Copy New 'msgraph://graph.microsoft.com/:drive:FCF7DA85B79B963A/School - Subject Notes/TY-Introduction-to-Coding-with-Python/Lesson 01 - Introduction/Exercises/Lesson 01 - Extra Exercises.md' -> 'goodrive://www.googleapis.com/:shareddrives:/ICT Department/TY Coding Module/Lesson 01 - Introduction/Exercises/Lesson 01 - Extra Exercises.md' (2,246)
2025-05-14 09:15:26: Copy New 'msgraph://graph.microsoft.com/:drive:FCF7DA85B79B963A/School - Subject Notes/TY-Introduction-to-Coding-with-Python/.git/refs/heads/main' -> 'goodrive://www.googleapis.com/:shareddrives:/ICT Department/TY Coding Module/.git/refs/heads/main' (41)
2025-05-14 09:15:26: Copy New 'msgraph://graph.microsoft.com/:drive:FCF7DA85B79B963A/School - Subject Notes/TY-Introduction-to-Coding-with-Python/Lesson 01 - Introduction/Exercises/Lesson 01 - Extras Solutions.md' -> 'goodrive://www.googleapis.com/:shareddrives:/ICT Department/TY Coding Module/Lesson 01 - Introduction/Exercises/Lesson 01 - Extras Solutions.md' (3,112)
2025-05-14 09:15:27: Create Folder goodrive://www.googleapis.com/:shareddrives:/ICT Department/TY Coding Module/.git/refs/remotes
2025-05-14 09:15:28: Create Folder goodrive://www.googleapis.com/:shareddrives:/ICT Department/TY Coding Module/.git/refs/tags
2025-05-14 09:15:30: Create Folder goodrive://www.googleapis.com/:shareddrives:/ICT Department/TY Coding Module/.git/refs/remotes/origin
2025-05-14 09:15:30: Copy New 'msgraph://graph.microsoft.com/:drive:FCF7DA85B79B963A/School - Subject Notes/TY-Introduction-to-Coding-with-Python/Lesson 01 - Introduction/Exercises/Lesson 01 - Solutions.md' -> 'goodrive://www.googleapis.com/:shareddrives:/ICT Department/TY Coding Module/Lesson 01 - Introduction/Exercises/Lesson 01 - Solutions.md' (1,280)
2025-05-14 09:15:31: Create Folder goodrive://www.googleapis.com/:shareddrives:/ICT Department/TY Coding Module/Lesson 01 - Introduction/Jupyter_Colab Files
2025-05-14 09:15:35: Copy New 'msgraph://graph.microsoft.com/:drive:FCF7DA85B79B963A/School - Subject Notes/TY-Introduction-to-Coding-with-Python/.git/refs/remotes/origin/main' -> 'goodrive://www.googleapis.com/:shareddrives:/ICT Department/TY Coding Module/.git/refs/remotes/origin/main' (41)
2025-05-14 09:15:36: Copy New 'msgraph://graph.microsoft.com/:drive:FCF7DA85B79B963A/School - Subject Notes/TY-Introduction-to-Coding-with-Python/.git/refs/remotes/origin/HEAD' -> 'goodrive://www.googleapis.com/:shareddrives:/ICT Department/TY Coding Module/.git/refs/remotes/origin/HEAD' (30)
2025-05-14 09:15:39: Copy New 'msgraph://graph.microsoft.com/:drive:FCF7DA85B79B963A/School - Subject Notes/TY-Introduction-to-Coding-with-Python/Lesson 01 - Introduction/Jupyter_Colab Files/Lesson 01 - Exercises.ipynb' -> 'goodrive://www.googleapis.com/:shareddrives:/ICT Department/TY Coding Module/Lesson 01 - Introduction/Jupyter_Colab Files/Lesson 01 - Exercises.ipynb' (5,990)
2025-05-14 09:15:40: < Copy New 'msgraph://graph.microsoft.com/:drive:FCF7DA85B79B963A/School - Subject Notes/TY-Introduction-to-Coding-with-Python/.git/objects/pack/pack-4f6a8949f20c5a2e85374a3008a84661305936e0.pack' -> 'goodrive://www.googleapis.com/:shareddrives:/ICT Department/TY Coding Module/.git/objects/pack/pack-4f6a8949f20c5a2e85374a3008a84661305936e0.pack' (18,713,706)
2025-05-14 09:15:40: Copy New 'msgraph://graph.microsoft.com/:drive:FCF7DA85B79B963A/School - Subject Notes/TY-Introduction-to-Coding-with-Python/Lesson 01 - Introduction/Jupyter_Colab Files/Lesson 01 - Intro to Colab and Python.ipynb' -> 'goodrive://www.googleapis.com/:shareddrives:/ICT Department/TY Coding Module/Lesson 01 - Introduction/Jupyter_Colab Files/Lesson 01 - Intro to Colab and Python.ipynb' (4,627)
2025-05-14 09:15:43: Copy New 'msgraph://graph.microsoft.com/:drive:FCF7DA85B79B963A/School - Subject Notes/TY-Introduction-to-Coding-with-Python/Lesson 01 - Introduction/Lesson 01 - Creating your First program.docx' -> 'goodrive://www.googleapis.com/:shareddrives:/ICT Department/TY Coding Module/Lesson 01 - Introduction/Lesson 01 - Creating your First program.docx' (11,735)
2025-05-14 09:15:44: Copy New 'msgraph://graph.microsoft.com/:drive:FCF7DA85B79B963A/School - Subject Notes/TY-Introduction-to-Coding-with-Python/Lesson 01 - Introduction/Lesson 01 - Creating your First program.pdf' -> 'goodrive://www.googleapis.com/:shareddrives:/ICT Department/TY Coding Module/Lesson 01 - Introduction/Lesson 01 - Creating your First program.pdf' (29,202)
2025-05-14 09:15:44: Copy New 'msgraph://graph.microsoft.com/:drive:FCF7DA85B79B963A/School - Subject Notes/TY-Introduction-to-Coding-with-Python/Lesson 01 - Introduction/Lesson 01 - Creating your First program.md' -> 'goodrive://www.googleapis.com/:shareddrives:/ICT Department/TY Coding Module/Lesson 01 - Introduction/Lesson 01 - Creating your First program.md' (1,657)
2025-05-14 09:15:45: Create Folder goodrive://www.googleapis.com/:shareddrives:/ICT Department/TY Coding Module/Lesson 01 - Introduction/Solutions
2025-05-14 09:15:45: Create Folder goodrive://www.googleapis.com/:shareddrives:/ICT Department/TY Coding Module/Lesson 01 - Introduction/Teaching Assets
2025-05-14 09:15:46: Create Folder goodrive://www.googleapis.com/:shareddrives:/ICT Department/TY Coding Module/Lesson 02 - Variables and Datatypes
2025-05-14 09:15:46: Create Folder goodrive://www.googleapis.com/:shareddrives:/ICT Department/TY Coding Module/Lesson 01 - Introduction/Solutions/.ts
2025-05-14 09:15:46: > Copy New 'msgraph://graph.microsoft.com/:drive:FCF7DA85B79B963A/School - Subject Notes/TY-Introduction-to-Coding-with-Python/Lesson 01 - Introduction/Teaching Assets/Lesson 01 – Introduction to Python 1.pptx' -> 'goodrive://www.googleapis.com/:shareddrives:/ICT Department/TY Coding Module/Lesson 01 - Introduction/Teaching Assets/Lesson 01 – Introduction to Python 1.pptx' (4,028,443)
2025-05-14 09:15:46: Copy New 'msgraph://graph.microsoft.com/:drive:FCF7DA85B79B963A/School - Subject Notes/TY-Introduction-to-Coding-with-Python/Lesson 01 - Introduction/Lesson 01 - Introduction.md' -> 'goodrive://www.googleapis.com/:shareddrives:/ICT Department/TY Coding Module/Lesson 01 - Introduction/Lesson 01 - Introduction.md' (5,291)
2025-05-14 09:15:48: Create Folder goodrive://www.googleapis.com/:shareddrives:/ICT Department/TY Coding Module/Lesson 02 - Variables and Datatypes/Exercises
2025-05-14 09:15:48: Create Folder goodrive://www.googleapis.com/:shareddrives:/ICT Department/TY Coding Module/Lesson 02 - Variables and Datatypes/Jupyter_Colab Files
2025-05-14 09:15:51: Copy New 'msgraph://graph.microsoft.com/:drive:FCF7DA85B79B963A/School - Subject Notes/TY-Introduction-to-Coding-with-Python/Lesson 01 - Introduction/Solutions/.ts/Exercise 01.py.py.jpg' -> 'goodrive://www.googleapis.com/:shareddrives:/ICT Department/TY Coding Module/Lesson 01 - Introduction/Solutions/.ts/Exercise 01.py.py.jpg' (19,012)
2025-05-14 09:15:53: Copy New 'msgraph://graph.microsoft.com/:drive:FCF7DA85B79B963A/School - Subject Notes/TY-Introduction-to-Coding-with-Python/Lesson 02 - Variables and Datatypes/Exercises/Lesson 02 - Variables and Datatypes - Exercises.md' -> 'goodrive://www.googleapis.com/:shareddrives:/ICT Department/TY Coding Module/Lesson 02 - Variables and Datatypes/Exercises/Lesson 02 - Variables and Datatypes - Exercises.md' (4,990)
2025-05-14 09:15:56: Copy New 'msgraph://graph.microsoft.com/:drive:FCF7DA85B79B963A/School - Subject Notes/TY-Introduction-to-Coding-with-Python/Lesson 02 - Variables and Datatypes/Jupyter_Colab Files/Lesson 02 - solutions.ipynb' -> 'goodrive://www.googleapis.com/:shareddrives:/ICT Department/TY Coding Module/Lesson 02 - Variables and Datatypes/Jupyter_Colab Files/Lesson 02 - solutions.ipynb' (7,369)
2025-05-14 09:15:58: < Copy New 'msgraph://graph.microsoft.com/:drive:FCF7DA85B79B963A/School - Subject Notes/TY-Introduction-to-Coding-with-Python/Lesson 01 - Introduction/Teaching Assets/Lesson 01 – Introduction to Python 1.pptx' -> 'goodrive://www.googleapis.com/:shareddrives:/ICT Department/TY Coding Module/Lesson 01 - Introduction/Teaching Assets/Lesson 01 – Introduction to Python 1.pptx' (4,028,443)
2025-05-14 09:15:58: Copy New 'msgraph://graph.microsoft.com/:drive:FCF7DA85B79B963A/School - Subject Notes/TY-Introduction-to-Coding-with-Python/Lesson 02 - Variables and Datatypes/Jupyter_Colab Files/Lesson 02 - Variables and Datatypes Exercises.ipynb' -> 'goodrive://www.googleapis.com/:shareddrives:/ICT Department/TY Coding Module/Lesson 02 - Variables and Datatypes/Jupyter_Colab Files/Lesson 02 - Variables and Datatypes Exercises.ipynb' (4,464)
2025-05-14 09:16:00: Copy New 'msgraph://graph.microsoft.com/:drive:FCF7DA85B79B963A/School - Subject Notes/TY-Introduction-to-Coding-with-Python/Lesson 02 - Variables and Datatypes/Exercises/Lesson 02 - Variables and Datatypes - Extra Exercises.md' -> 'goodrive://www.googleapis.com/:shareddrives:/ICT Department/TY Coding Module/Lesson 02 - Variables and Datatypes/Exercises/Lesson 02 - Variables and Datatypes - Extra Exercises.md' (57)
2025-05-14 09:16:01: Copy New 'msgraph://graph.microsoft.com/:drive:FCF7DA85B79B963A/School - Subject Notes/TY-Introduction-to-Coding-with-Python/Lesson 02 - Variables and Datatypes/Lesson02.ipnyb' -> 'goodrive://www.googleapis.com/:shareddrives:/ICT Department/TY Coding Module/Lesson 02 - Variables and Datatypes/Lesson02.ipnyb' (0)
2025-05-14 09:16:01: Create Folder goodrive://www.googleapis.com/:shareddrives:/ICT Department/TY Coding Module/Lesson 02 - Variables and Datatypes/Solution Files
2025-05-14 09:16:02: Create Folder goodrive://www.googleapis.com/:shareddrives:/ICT Department/TY Coding Module/Lesson 02 - Variables and Datatypes/Teaching Assets
2025-05-14 09:16:02: Copy New 'msgraph://graph.microsoft.com/:drive:FCF7DA85B79B963A/School - Subject Notes/TY-Introduction-to-Coding-with-Python/Lesson 02 - Variables and Datatypes/Lesson 02 - Variables and Datatypes.md' -> 'goodrive://www.googleapis.com/:shareddrives:/ICT Department/TY Coding Module/Lesson 02 - Variables and Datatypes/Lesson 02 - Variables and Datatypes.md' (14)
2025-05-14 09:16:02: > Copy New 'msgraph://graph.microsoft.com/:drive:FCF7DA85B79B963A/School - Subject Notes/TY-Introduction-to-Coding-with-Python/Lesson 02 - Variables and Datatypes/Teaching Assets/Lesson 02 - Variables and Datatypes 1.pptx' -> 'goodrive://www.googleapis.com/:shareddrives:/ICT Department/TY Coding Module/Lesson 02 - Variables and Datatypes/Teaching Assets/Lesson 02 - Variables and Datatypes 1.pptx' (3,497,697)
2025-05-14 09:16:05: Copy New 'msgraph://graph.microsoft.com/:drive:FCF7DA85B79B963A/School - Subject Notes/TY-Introduction-to-Coding-with-Python/Lesson 01 - Introduction/Solutions/.ts/Exercise 02.py.py.jpg' -> 'goodrive://www.googleapis.com/:shareddrives:/ICT Department/TY Coding Module/Lesson 01 - Introduction/Solutions/.ts/Exercise 02.py.py.jpg' (22,759)
2025-05-14 09:16:05: > Copy New 'msgraph://graph.microsoft.com/:drive:FCF7DA85B79B963A/School - Subject Notes/TY-Introduction-to-Coding-with-Python/Lesson 02 - Variables and Datatypes/Teaching Assets/Lesson 02 - Variables and Datatypes.pptx' -> 'goodrive://www.googleapis.com/:shareddrives:/ICT Department/TY Coding Module/Lesson 02 - Variables and Datatypes/Teaching Assets/Lesson 02 - Variables and Datatypes.pptx' (4,577,906)
2025-05-14 09:16:06: Copy New 'msgraph://graph.microsoft.com/:drive:FCF7DA85B79B963A/School - Subject Notes/TY-Introduction-to-Coding-with-Python/Lesson 02 - Variables and Datatypes/Solution Files/Exercise01.py' -> 'goodrive://www.googleapis.com/:shareddrives:/ICT Department/TY Coding Module/Lesson 02 - Variables and Datatypes/Solution Files/Exercise01.py' (929)
2025-05-14 09:16:12: Copy New 'msgraph://graph.microsoft.com/:drive:FCF7DA85B79B963A/School - Subject Notes/TY-Introduction-to-Coding-with-Python/Lesson 02 - Variables and Datatypes/Solution Files/Exercise02.py' -> 'goodrive://www.googleapis.com/:shareddrives:/ICT Department/TY Coding Module/Lesson 02 - Variables and Datatypes/Solution Files/Exercise02.py' (393)
2025-05-14 09:16:12: < Copy New 'msgraph://graph.microsoft.com/:drive:FCF7DA85B79B963A/School - Subject Notes/TY-Introduction-to-Coding-with-Python/Lesson 02 - Variables and Datatypes/Teaching Assets/Lesson 02 - Variables and Datatypes 1.pptx' -> 'goodrive://www.googleapis.com/:shareddrives:/ICT Department/TY Coding Module/Lesson 02 - Variables and Datatypes/Teaching Assets/Lesson 02 - Variables and Datatypes 1.pptx' (3,497,697)
2025-05-14 09:16:13: < Copy New 'msgraph://graph.microsoft.com/:drive:FCF7DA85B79B963A/School - Subject Notes/TY-Introduction-to-Coding-with-Python/Lesson 02 - Variables and Datatypes/Teaching Assets/Lesson 02 - Variables and Datatypes.pptx' -> 'goodrive://www.googleapis.com/:shareddrives:/ICT Department/TY Coding Module/Lesson 02 - Variables and Datatypes/Teaching Assets/Lesson 02 - Variables and Datatypes.pptx' (4,577,906)
2025-05-14 09:16:15: Copy New 'msgraph://graph.microsoft.com/:drive:FCF7DA85B79B963A/School - Subject Notes/TY-Introduction-to-Coding-with-Python/Lesson 02 - Variables and Datatypes/Solution Files/Exercise03.py' -> 'goodrive://www.googleapis.com/:shareddrives:/ICT Department/TY Coding Module/Lesson 02 - Variables and Datatypes/Solution Files/Exercise03.py' (1,086)
2025-05-14 09:16:16: Copy New 'msgraph://graph.microsoft.com/:drive:FCF7DA85B79B963A/School - Subject Notes/TY-Introduction-to-Coding-with-Python/Lesson 02 - Variables and Datatypes/Solution Files/Exercise04.py' -> 'goodrive://www.googleapis.com/:shareddrives:/ICT Department/TY Coding Module/Lesson 02 - Variables and Datatypes/Solution Files/Exercise04.py' (1,049)
2025-05-14 09:16:18: Copy New 'msgraph://graph.microsoft.com/:drive:FCF7DA85B79B963A/School - Subject Notes/TY-Introduction-to-Coding-with-Python/Lesson 01 - Introduction/Solutions/.ts/Exercise 03.py.py.jpg' -> 'goodrive://www.googleapis.com/:shareddrives:/ICT Department/TY Coding Module/Lesson 01 - Introduction/Solutions/.ts/Exercise 03.py.py.jpg' (14,085)
2025-05-14 09:16:20: Copy New 'msgraph://graph.microsoft.com/:drive:FCF7DA85B79B963A/School - Subject Notes/TY-Introduction-to-Coding-with-Python/Lesson 01 - Introduction/Solutions/.ts/Exercise 04.py.py.jpg' -> 'goodrive://www.googleapis.com/:shareddrives:/ICT Department/TY Coding Module/Lesson 01 - Introduction/Solutions/.ts/Exercise 04.py.py.jpg' (14,973)
2025-05-14 09:16:21: Copy New 'msgraph://graph.microsoft.com/:drive:FCF7DA85B79B963A/School - Subject Notes/TY-Introduction-to-Coding-with-Python/Lesson 01 - Introduction/Solutions/.ts/Extras - Exercise 01.py.py.jpg' -> 'goodrive://www.googleapis.com/:shareddrives:/ICT Department/TY Coding Module/Lesson 01 - Introduction/Solutions/.ts/Extras - Exercise 01.py.py.jpg' (30,534)
2025-05-14 09:16:21: > Copy New 'msgraph://graph.microsoft.com/:drive:FCF7DA85B79B963A/School - Subject Notes/TY-Introduction-to-Coding-with-Python/Lesson 01 - Introduction/Teaching Assets/Lesson 01 – Introduction to Python.pptx' -> 'goodrive://www.googleapis.com/:shareddrives:/ICT Department/TY Coding Module/Lesson 01 - Introduction/Teaching Assets/Lesson 01 – Introduction to Python.pptx' (3,179,886)
2025-05-14 09:16:22: Copy New 'msgraph://graph.microsoft.com/:drive:FCF7DA85B79B963A/School - Subject Notes/TY-Introduction-to-Coding-with-Python/Lesson 01 - Introduction/Solutions/.ts/Extras - Exercise 02.py.py.jpg' -> 'goodrive://www.googleapis.com/:shareddrives:/ICT Department/TY Coding Module/Lesson 01 - Introduction/Solutions/.ts/Extras - Exercise 02.py.py.jpg' (23,349)
2025-05-14 09:16:24: Copy New 'msgraph://graph.microsoft.com/:drive:FCF7DA85B79B963A/School - Subject Notes/TY-Introduction-to-Coding-with-Python/Lesson 01 - Introduction/Solutions/.ts/tsm.json' -> 'goodrive://www.googleapis.com/:shareddrives:/ICT Department/TY Coding Module/Lesson 01 - Introduction/Solutions/.ts/tsm.json' (129)
2025-05-14 09:16:26: Copy New 'msgraph://graph.microsoft.com/:drive:FCF7DA85B79B963A/School - Subject Notes/TY-Introduction-to-Coding-with-Python/Lesson 01 - Introduction/Solutions/Exercise 01.py.py' -> 'goodrive://www.googleapis.com/:shareddrives:/ICT Department/TY Coding Module/Lesson 01 - Introduction/Solutions/Exercise 01.py.py' (194)
2025-05-14 09:16:28: Copy New 'msgraph://graph.microsoft.com/:drive:FCF7DA85B79B963A/School - Subject Notes/TY-Introduction-to-Coding-with-Python/Lesson 01 - Introduction/Solutions/Exercise 02.py.py' -> 'goodrive://www.googleapis.com/:shareddrives:/ICT Department/TY Coding Module/Lesson 01 - Introduction/Solutions/Exercise 02.py.py' (346)
2025-05-14 09:16:31: Copy New 'msgraph://graph.microsoft.com/:drive:FCF7DA85B79B963A/School - Subject Notes/TY-Introduction-to-Coding-with-Python/Lesson 01 - Introduction/Solutions/Exercise 03.py.py' -> 'goodrive://www.googleapis.com/:shareddrives:/ICT Department/TY Coding Module/Lesson 01 - Introduction/Solutions/Exercise 03.py.py' (185)
2025-05-14 09:16:32: Copy New 'msgraph://graph.microsoft.com/:drive:FCF7DA85B79B963A/School - Subject Notes/TY-Introduction-to-Coding-with-Python/Lesson 01 - Introduction/Solutions/Exercise 04.py.py' -> 'goodrive://www.googleapis.com/:shareddrives:/ICT Department/TY Coding Module/Lesson 01 - Introduction/Solutions/Exercise 04.py.py' (281)
2025-05-14 09:16:35: Copy New 'msgraph://graph.microsoft.com/:drive:FCF7DA85B79B963A/School - Subject Notes/TY-Introduction-to-Coding-with-Python/Lesson 01 - Introduction/Solutions/Extras - Exercise 01.py.py' -> 'goodrive://www.googleapis.com/:shareddrives:/ICT Department/TY Coding Module/Lesson 01 - Introduction/Solutions/Extras - Exercise 01.py.py' (1,415)
2025-05-14 09:16:36: < Copy New 'msgraph://graph.microsoft.com/:drive:FCF7DA85B79B963A/School - Subject Notes/TY-Introduction-to-Coding-with-Python/Lesson 01 - Introduction/Teaching Assets/Lesson 01 – Introduction to Python.pptx' -> 'goodrive://www.googleapis.com/:shareddrives:/ICT Department/TY Coding Module/Lesson 01 - Introduction/Teaching Assets/Lesson 01 – Introduction to Python.pptx' (3,179,886)
2025-05-14 09:16:36: Copy New 'msgraph://graph.microsoft.com/:drive:FCF7DA85B79B963A/School - Subject Notes/TY-Introduction-to-Coding-with-Python/Lesson 01 - Introduction/Solutions/Extras - Exercise 02.py.py' -> 'goodrive://www.googleapis.com/:shareddrives:/ICT Department/TY Coding Module/Lesson 01 - Introduction/Solutions/Extras - Exercise 02.py.py' (1,435)
2025-05-14 09:16:36: Create Folder goodrive://www.googleapis.com/:shareddrives:/ICT Department/TY Coding Module/Lesson 03 - Inputs and Strings
2025-05-14 09:16:37: Create Folder goodrive://www.googleapis.com/:shareddrives:/ICT Department/TY Coding Module/Lesson 04 - Testing Code
2025-05-14 09:16:37: Create Folder goodrive://www.googleapis.com/:shareddrives:/ICT Department/TY Coding Module/Lesson 05 - Algorithms and Pseudocode
2025-05-14 09:16:38: Create Folder goodrive://www.googleapis.com/:shareddrives:/ICT Department/TY Coding Module/Lesson 03 - Inputs and Strings/Jupyter_Colab Files
2025-05-14 09:16:38: Create Folder goodrive://www.googleapis.com/:shareddrives:/ICT Department/TY Coding Module/Lesson 04 - Testing Code/Jupyter_Colab Files
2025-05-14 09:16:42: Copy New 'msgraph://graph.microsoft.com/:drive:FCF7DA85B79B963A/School - Subject Notes/TY-Introduction-to-Coding-with-Python/Lesson 03 - Inputs and Strings/Lesson 03 - Inputs and Strings.md' -> 'goodrive://www.googleapis.com/:shareddrives:/ICT Department/TY Coding Module/Lesson 03 - Inputs and Strings/Lesson 03 - Inputs and Strings.md' (4,326)
2025-05-14 09:16:42: Copy New 'msgraph://graph.microsoft.com/:drive:FCF7DA85B79B963A/School - Subject Notes/TY-Introduction-to-Coding-with-Python/Lesson 05 - Algorithms and Pseudocode/20 by 20 orthogonal maze.png' -> 'goodrive://www.googleapis.com/:shareddrives:/ICT Department/TY Coding Module/Lesson 05 - Algorithms and Pseudocode/20 by 20 orthogonal maze.png' (2,344)
2025-05-14 09:16:43: Create Folder goodrive://www.googleapis.com/:shareddrives:/ICT Department/TY Coding Module/Lesson 05 - Algorithms and Pseudocode/Jupyter_Colab Files
2025-05-14 09:16:43: Copy New 'msgraph://graph.microsoft.com/:drive:FCF7DA85B79B963A/School - Subject Notes/TY-Introduction-to-Coding-with-Python/Lesson 03 - Inputs and Strings/Jupyter_Colab Files/Lesson 03 - Input and Data Types - Exercises.ipynb' -> 'goodrive://www.googleapis.com/:shareddrives:/ICT Department/TY Coding Module/Lesson 03 - Inputs and Strings/Jupyter_Colab Files/Lesson 03 - Input and Data Types - Exercises.ipynb' (4,415)
2025-05-14 09:16:46: Copy New 'msgraph://graph.microsoft.com/:drive:FCF7DA85B79B963A/School - Subject Notes/TY-Introduction-to-Coding-with-Python/Lesson 04 - Testing Code/Jupyter_Colab Files/Lesson 04 - Testing Code & Commenting.ipynb' -> 'goodrive://www.googleapis.com/:shareddrives:/ICT Department/TY Coding Module/Lesson 04 - Testing Code/Jupyter_Colab Files/Lesson 04 - Testing Code & Commenting.ipynb' (4,449)
2025-05-14 09:16:47: Copy New 'msgraph://graph.microsoft.com/:drive:FCF7DA85B79B963A/School - Subject Notes/TY-Introduction-to-Coding-with-Python/Lesson 05 - Algorithms and Pseudocode/Lesson 05 - Algorithms and Pseudocode.md' -> 'goodrive://www.googleapis.com/:shareddrives:/ICT Department/TY Coding Module/Lesson 05 - Algorithms and Pseudocode/Lesson 05 - Algorithms and Pseudocode.md' (2,272)
2025-05-14 09:16:48: Create Folder goodrive://www.googleapis.com/:shareddrives:/ICT Department/TY Coding Module/Lesson 05 - Algorithms and Pseudocode/Teaching Assets
2025-05-14 09:16:49: Copy New 'msgraph://graph.microsoft.com/:drive:FCF7DA85B79B963A/School - Subject Notes/TY-Introduction-to-Coding-with-Python/Lesson 05 - Algorithms and Pseudocode/Jupyter_Colab Files/Lesson 05 - Algorithims and Pseudocode.ipynb' -> 'goodrive://www.googleapis.com/:shareddrives:/ICT Department/TY Coding Module/Lesson 05 - Algorithms and Pseudocode/Jupyter_Colab Files/Lesson 05 - Algorithims and Pseudocode.ipynb' (2,607)
2025-05-14 09:16:50: Copy New 'msgraph://graph.microsoft.com/:drive:FCF7DA85B79B963A/School - Subject Notes/TY-Introduction-to-Coding-with-Python/Lesson 05 - Algorithms and Pseudocode/Lesson 05 - Algorithms and Pseudocode.pdf' -> 'goodrive://www.googleapis.com/:shareddrives:/ICT Department/TY Coding Module/Lesson 05 - Algorithms and Pseudocode/Lesson 05 - Algorithms and Pseudocode.pdf' (42,799)
2025-05-14 09:16:52: Copy New 'msgraph://graph.microsoft.com/:drive:FCF7DA85B79B963A/School - Subject Notes/TY-Introduction-to-Coding-with-Python/Lesson 04 - Testing Code/Lesson 04 - Extra Exercises.md' -> 'goodrive://www.googleapis.com/:shareddrives:/ICT Department/TY Coding Module/Lesson 04 - Testing Code/Lesson 04 - Extra Exercises.md' (1,411)
2025-05-14 09:16:52: > Copy New 'msgraph://graph.microsoft.com/:drive:FCF7DA85B79B963A/School - Subject Notes/TY-Introduction-to-Coding-with-Python/Lesson 05 - Algorithms and Pseudocode/Teaching Assets/Lesson 05 - Algorithms and Pseudocode 1.pptx' -> 'goodrive://www.googleapis.com/:shareddrives:/ICT Department/TY Coding Module/Lesson 05 - Algorithms and Pseudocode/Teaching Assets/Lesson 05 - Algorithms and Pseudocode 1.pptx' (2,147,589)
2025-05-14 09:16:54: Copy New 'msgraph://graph.microsoft.com/:drive:FCF7DA85B79B963A/School - Subject Notes/TY-Introduction-to-Coding-with-Python/Lesson 05 - Algorithms and Pseudocode/Teaching Assets/20 by 20 orthogonal maze.png' -> 'goodrive://www.googleapis.com/:shareddrives:/ICT Department/TY Coding Module/Lesson 05 - Algorithms and Pseudocode/Teaching Assets/20 by 20 orthogonal maze.png' (2,344)
2025-05-14 09:16:54: Copy New 'msgraph://graph.microsoft.com/:drive:FCF7DA85B79B963A/School - Subject Notes/TY-Introduction-to-Coding-with-Python/Lesson 05 - Algorithms and Pseudocode/Teaching Assets/20 by 20 orthogonal maze - Sln.png' -> 'goodrive://www.googleapis.com/:shareddrives:/ICT Department/TY Coding Module/Lesson 05 - Algorithms and Pseudocode/Teaching Assets/20 by 20 orthogonal maze - Sln.png' (3,342)
2025-05-14 09:16:54: > Copy New 'msgraph://graph.microsoft.com/:drive:FCF7DA85B79B963A/School - Subject Notes/TY-Introduction-to-Coding-with-Python/Lesson 05 - Algorithms and Pseudocode/Teaching Assets/Lesson 05 - Algorithms and Pseudocode.pptx' -> 'goodrive://www.googleapis.com/:shareddrives:/ICT Department/TY Coding Module/Lesson 05 - Algorithms and Pseudocode/Teaching Assets/Lesson 05 - Algorithms and Pseudocode.pptx' (2,147,968)
2025-05-14 09:16:58: Copy New 'msgraph://graph.microsoft.com/:drive:FCF7DA85B79B963A/School - Subject Notes/TY-Introduction-to-Coding-with-Python/Lesson 05 - Algorithms and Pseudocode/Teaching Assets/Lesson 05 - Algorithms and Pseudocode.gslides' -> 'goodrive://www.googleapis.com/:shareddrives:/ICT Department/TY Coding Module/Lesson 05 - Algorithms and Pseudocode/Teaching Assets/Lesson 05 - Algorithms and Pseudocode.gslides' (217)
2025-05-14 09:16:59: < Copy New 'msgraph://graph.microsoft.com/:drive:FCF7DA85B79B963A/School - Subject Notes/TY-Introduction-to-Coding-with-Python/Lesson 05 - Algorithms and Pseudocode/Teaching Assets/Lesson 05 - Algorithms and Pseudocode.pptx' -> 'goodrive://www.googleapis.com/:shareddrives:/ICT Department/TY Coding Module/Lesson 05 - Algorithms and Pseudocode/Teaching Assets/Lesson 05 - Algorithms and Pseudocode.pptx' (2,147,968)
2025-05-14 09:16:59: < Copy New 'msgraph://graph.microsoft.com/:drive:FCF7DA85B79B963A/School - Subject Notes/TY-Introduction-to-Coding-with-Python/Lesson 05 - Algorithms and Pseudocode/Teaching Assets/Lesson 05 - Algorithms and Pseudocode 1.pptx' -> 'goodrive://www.googleapis.com/:shareddrives:/ICT Department/TY Coding Module/Lesson 05 - Algorithms and Pseudocode/Teaching Assets/Lesson 05 - Algorithms and Pseudocode 1.pptx' (2,147,589)
2025-05-14 09:17:00: Create Folder goodrive://www.googleapis.com/:shareddrives:/ICT Department/TY Coding Module/Lesson 04 - Testing Code/Teaching Assets
2025-05-14 09:17:00: Create Folder goodrive://www.googleapis.com/:shareddrives:/ICT Department/TY Coding Module/Lesson 04 - Testing Code/Solutions
2025-05-14 09:17:01: Create Folder goodrive://www.googleapis.com/:shareddrives:/ICT Department/TY Coding Module/Lesson 03 - Inputs and Strings/Solutions
2025-05-14 09:17:03: Copy New 'msgraph://graph.microsoft.com/:drive:FCF7DA85B79B963A/School - Subject Notes/TY-Introduction-to-Coding-with-Python/Lesson 04 - Testing Code/Lesson 04 - Testing Code.md' -> 'goodrive://www.googleapis.com/:shareddrives:/ICT Department/TY Coding Module/Lesson 04 - Testing Code/Lesson 04 - Testing Code.md' (2,904)
2025-05-14 09:17:05: Copy New 'msgraph://graph.microsoft.com/:drive:FCF7DA85B79B963A/School - Subject Notes/TY-Introduction-to-Coding-with-Python/Lesson 04 - Testing Code/Solutions/Exercise 01.py' -> 'goodrive://www.googleapis.com/:shareddrives:/ICT Department/TY Coding Module/Lesson 04 - Testing Code/Solutions/Exercise 01.py' (175)
2025-05-14 09:17:05: Copy New 'msgraph://graph.microsoft.com/:drive:FCF7DA85B79B963A/School - Subject Notes/TY-Introduction-to-Coding-with-Python/Lesson 04 - Testing Code/Teaching Assets/Lesson 04 - Testing Code.pptx' -> 'goodrive://www.googleapis.com/:shareddrives:/ICT Department/TY Coding Module/Lesson 04 - Testing Code/Teaching Assets/Lesson 04 - Testing Code.pptx' (203,934)
2025-05-14 09:17:08: Copy New 'msgraph://graph.microsoft.com/:drive:FCF7DA85B79B963A/School - Subject Notes/TY-Introduction-to-Coding-with-Python/Lesson 03 - Inputs and Strings/Solutions/Exercise 01.py' -> 'goodrive://www.googleapis.com/:shareddrives:/ICT Department/TY Coding Module/Lesson 03 - Inputs and Strings/Solutions/Exercise 01.py' (323)
2025-05-14 09:17:09: Copy New 'msgraph://graph.microsoft.com/:drive:FCF7DA85B79B963A/School - Subject Notes/TY-Introduction-to-Coding-with-Python/Lesson 03 - Inputs and Strings/Solutions/Exercise 03.py' -> 'goodrive://www.googleapis.com/:shareddrives:/ICT Department/TY Coding Module/Lesson 03 - Inputs and Strings/Solutions/Exercise 03.py' (711)
2025-05-14 09:17:09: Copy New 'msgraph://graph.microsoft.com/:drive:FCF7DA85B79B963A/School - Subject Notes/TY-Introduction-to-Coding-with-Python/Lesson 03 - Inputs and Strings/Solutions/Exercise 02.py' -> 'goodrive://www.googleapis.com/:shareddrives:/ICT Department/TY Coding Module/Lesson 03 - Inputs and Strings/Solutions/Exercise 02.py' (605)
2025-05-14 09:17:10: Create Folder goodrive://www.googleapis.com/:shareddrives:/ICT Department/TY Coding Module/Lesson 03 - Inputs and Strings/Teaching Assets
2025-05-14 09:17:11: Create Folder goodrive://www.googleapis.com/:shareddrives:/ICT Department/TY Coding Module/Lesson 06 - Conditional Statements
2025-05-14 09:17:12: Create Folder goodrive://www.googleapis.com/:shareddrives:/ICT Department/TY Coding Module/Lesson 03 - Inputs and Strings/Teaching Assets/.ts
2025-05-14 09:17:13: Copy New 'msgraph://graph.microsoft.com/:drive:FCF7DA85B79B963A/School - Subject Notes/TY-Introduction-to-Coding-with-Python/Lesson 03 - Inputs and Strings/Solutions/Exercise 04.py' -> 'goodrive://www.googleapis.com/:shareddrives:/ICT Department/TY Coding Module/Lesson 03 - Inputs and Strings/Solutions/Exercise 04.py' (515)
2025-05-14 09:17:13: Create Folder goodrive://www.googleapis.com/:shareddrives:/ICT Department/TY Coding Module/Lesson 06 - Conditional Statements/Jupyter_Colab Files
2025-05-14 09:17:13: Copy New 'msgraph://graph.microsoft.com/:drive:FCF7DA85B79B963A/School - Subject Notes/TY-Introduction-to-Coding-with-Python/Lesson 04 - Testing Code/Solutions/Exercise 02.py' -> 'goodrive://www.googleapis.com/:shareddrives:/ICT Department/TY Coding Module/Lesson 04 - Testing Code/Solutions/Exercise 02.py' (404)
2025-05-14 09:17:16: Copy New 'msgraph://graph.microsoft.com/:drive:FCF7DA85B79B963A/School - Subject Notes/TY-Introduction-to-Coding-with-Python/Lesson 03 - Inputs and Strings/Teaching Assets/.ts/Lesson 03 Inputs and Strings.gslides.json' -> 'goodrive://www.googleapis.com/:shareddrives:/ICT Department/TY Coding Module/Lesson 03 - Inputs and Strings/Teaching Assets/.ts/Lesson 03 Inputs and Strings.gslides.json' (44)
2025-05-14 09:17:17: Copy New 'msgraph://graph.microsoft.com/:drive:FCF7DA85B79B963A/School - Subject Notes/TY-Introduction-to-Coding-with-Python/Lesson 03 - Inputs and Strings/Teaching Assets/.ts/Lesson 03 Inputs and Strings.pptx.jpg' -> 'goodrive://www.googleapis.com/:shareddrives:/ICT Department/TY Coding Module/Lesson 03 - Inputs and Strings/Teaching Assets/.ts/Lesson 03 Inputs and Strings.pptx.jpg' (9,421)
2025-05-14 09:17:20: Copy New 'msgraph://graph.microsoft.com/:drive:FCF7DA85B79B963A/School - Subject Notes/TY-Introduction-to-Coding-with-Python/Lesson 03 - Inputs and Strings/Teaching Assets/.ts/Lesson 03 Inputs and Strings.pptx.json' -> 'goodrive://www.googleapis.com/:shareddrives:/ICT Department/TY Coding Module/Lesson 03 - Inputs and Strings/Teaching Assets/.ts/Lesson 03 Inputs and Strings.pptx.json' (44)
2025-05-14 09:17:21: Copy New 'msgraph://graph.microsoft.com/:drive:FCF7DA85B79B963A/School - Subject Notes/TY-Introduction-to-Coding-with-Python/Lesson 03 - Inputs and Strings/Teaching Assets/.ts/tsm.json' -> 'goodrive://www.googleapis.com/:shareddrives:/ICT Department/TY Coding Module/Lesson 03 - Inputs and Strings/Teaching Assets/.ts/tsm.json' (129)
2025-05-14 09:17:22: Create Folder goodrive://www.googleapis.com/:shareddrives:/ICT Department/TY Coding Module/Lesson 06 - Conditional Statements/Solutions
2025-05-14 09:17:23: Create Folder goodrive://www.googleapis.com/:shareddrives:/ICT Department/TY Coding Module/Lesson 06 - Conditional Statements/Teaching Assets
2025-05-14 09:17:24: Copy New 'msgraph://graph.microsoft.com/:drive:FCF7DA85B79B963A/School - Subject Notes/TY-Introduction-to-Coding-with-Python/Lesson 06 - Conditional Statements/Lesson 06 - Conditional Statements.md' -> 'goodrive://www.googleapis.com/:shareddrives:/ICT Department/TY Coding Module/Lesson 06 - Conditional Statements/Lesson 06 - Conditional Statements.md' (2,345)
2025-05-14 09:17:26: Copy New 'msgraph://graph.microsoft.com/:drive:FCF7DA85B79B963A/School - Subject Notes/TY-Introduction-to-Coding-with-Python/Lesson 06 - Conditional Statements/Solutions/Exercise01.py' -> 'goodrive://www.googleapis.com/:shareddrives:/ICT Department/TY Coding Module/Lesson 06 - Conditional Statements/Solutions/Exercise01.py' (750)
2025-05-14 09:17:29: Copy New 'msgraph://graph.microsoft.com/:drive:FCF7DA85B79B963A/School - Subject Notes/TY-Introduction-to-Coding-with-Python/Lesson 06 - Conditional Statements/Teaching Assets/Lesson 06 - Conditional Statements.pptx' -> 'goodrive://www.googleapis.com/:shareddrives:/ICT Department/TY Coding Module/Lesson 06 - Conditional Statements/Teaching Assets/Lesson 06 - Conditional Statements.pptx' (758,680)
2025-05-14 09:17:31: Copy New 'msgraph://graph.microsoft.com/:drive:FCF7DA85B79B963A/School - Subject Notes/TY-Introduction-to-Coding-with-Python/Lesson 06 - Conditional Statements/Solutions/Exercise02.py' -> 'goodrive://www.googleapis.com/:shareddrives:/ICT Department/TY Coding Module/Lesson 06 - Conditional Statements/Solutions/Exercise02.py' (1,103)
2025-05-14 09:17:33: Copy New 'msgraph://graph.microsoft.com/:drive:FCF7DA85B79B963A/School - Subject Notes/TY-Introduction-to-Coding-with-Python/Lesson 06 - Conditional Statements/Solutions/Exercise03.py' -> 'goodrive://www.googleapis.com/:shareddrives:/ICT Department/TY Coding Module/Lesson 06 - Conditional Statements/Solutions/Exercise03.py' (805)
2025-05-14 09:17:33: > Copy New 'msgraph://graph.microsoft.com/:drive:FCF7DA85B79B963A/School - Subject Notes/TY-Introduction-to-Coding-with-Python/Lesson 03 - Inputs and Strings/Teaching Assets/Lesson 03 Inputs and Strings.pptx' -> 'goodrive://www.googleapis.com/:shareddrives:/ICT Department/TY Coding Module/Lesson 03 - Inputs and Strings/Teaching Assets/Lesson 03 Inputs and Strings.pptx' (3,645,742)
2025-05-14 09:17:35: Copy New 'msgraph://graph.microsoft.com/:drive:FCF7DA85B79B963A/School - Subject Notes/TY-Introduction-to-Coding-with-Python/Lesson 03 - Inputs and Strings/Teaching Assets/Lesson 03 Inputs and Strings.gslides' -> 'goodrive://www.googleapis.com/:shareddrives:/ICT Department/TY Coding Module/Lesson 03 - Inputs and Strings/Teaching Assets/Lesson 03 Inputs and Strings.gslides' (217)
2025-05-14 09:17:36: Create Folder goodrive://www.googleapis.com/:shareddrives:/ICT Department/TY Coding Module/Lesson 07 - Iteration
2025-05-14 09:17:37: Create Folder goodrive://www.googleapis.com/:shareddrives:/ICT Department/TY Coding Module/Lesson 08 - Project
2025-05-14 09:17:38: Create Folder goodrive://www.googleapis.com/:shareddrives:/ICT Department/TY Coding Module/Lesson 07 - Iteration/Jupyter_Colab Files
2025-05-14 09:17:38: < Copy New 'msgraph://graph.microsoft.com/:drive:FCF7DA85B79B963A/School - Subject Notes/TY-Introduction-to-Coding-with-Python/Lesson 03 - Inputs and Strings/Teaching Assets/Lesson 03 Inputs and Strings.pptx' -> 'goodrive://www.googleapis.com/:shareddrives:/ICT Department/TY Coding Module/Lesson 03 - Inputs and Strings/Teaching Assets/Lesson 03 Inputs and Strings.pptx' (3,645,742)
2025-05-14 09:17:38: Copy New 'msgraph://graph.microsoft.com/:drive:FCF7DA85B79B963A/School - Subject Notes/TY-Introduction-to-Coding-with-Python/Lesson 06 - Conditional Statements/Jupyter_Colab Files/Lesson 06 - Conditional Statements.ipynb' -> 'goodrive://www.googleapis.com/:shareddrives:/ICT Department/TY Coding Module/Lesson 06 - Conditional Statements/Jupyter_Colab Files/Lesson 06 - Conditional Statements.ipynb' (4,113)
2025-05-14 09:17:39: Create Folder goodrive://www.googleapis.com/:shareddrives:/ICT Department/TY Coding Module/Lesson 08 - Project/Jupyter_Colab Files
2025-05-14 09:17:42: Copy New 'msgraph://graph.microsoft.com/:drive:FCF7DA85B79B963A/School - Subject Notes/TY-Introduction-to-Coding-with-Python/Lesson 08 - Project/Project.pdf' -> 'goodrive://www.googleapis.com/:shareddrives:/ICT Department/TY Coding Module/Lesson 08 - Project/Project.pdf' (22,107)
2025-05-14 09:17:43: Copy New 'msgraph://graph.microsoft.com/:drive:FCF7DA85B79B963A/School - Subject Notes/TY-Introduction-to-Coding-with-Python/Lesson 07 - Iteration/Jupyter_Colab Files/Lesson 07 - Iteration' -> 'goodrive://www.googleapis.com/:shareddrives:/ICT Department/TY Coding Module/Lesson 07 - Iteration/Jupyter_Colab Files/Lesson 07 - Iteration' (4,642)
2025-05-14 09:17:43: Copy New 'msgraph://graph.microsoft.com/:drive:FCF7DA85B79B963A/School - Subject Notes/TY-Introduction-to-Coding-with-Python/Lesson 08 - Project/Project.md' -> 'goodrive://www.googleapis.com/:shareddrives:/ICT Department/TY Coding Module/Lesson 08 - Project/Project.md' (2,284)
2025-05-14 09:17:44: Create Folder goodrive://www.googleapis.com/:shareddrives:/ICT Department/TY Coding Module/Lesson 07 - Iteration/Teaching Assets
2025-05-14 09:17:44: Create Folder goodrive://www.googleapis.com/:shareddrives:/ICT Department/TY Coding Module/Lesson 09 - Functions
2025-05-14 09:17:45: Create Folder goodrive://www.googleapis.com/:shareddrives:/ICT Department/TY Coding Module/Lesson 10 - Working with Lists
2025-05-14 09:17:46: Create Folder goodrive://www.googleapis.com/:shareddrives:/ICT Department/TY Coding Module/Lesson 09 - Functions/Jupyter_Colab Files
2025-05-14 09:17:47: Copy New 'msgraph://graph.microsoft.com/:drive:FCF7DA85B79B963A/School - Subject Notes/TY-Introduction-to-Coding-with-Python/Lesson 07 - Iteration/Lesson 07 - Iteration.md' -> 'goodrive://www.googleapis.com/:shareddrives:/ICT Department/TY Coding Module/Lesson 07 - Iteration/Lesson 07 - Iteration.md' (2,641)
2025-05-14 09:17:48: Copy New 'msgraph://graph.microsoft.com/:drive:FCF7DA85B79B963A/School - Subject Notes/TY-Introduction-to-Coding-with-Python/Lesson 07 - Iteration/Teaching Assets/Lesson 07 - Iteration 1.pptx' -> 'goodrive://www.googleapis.com/:shareddrives:/ICT Department/TY Coding Module/Lesson 07 - Iteration/Teaching Assets/Lesson 07 - Iteration 1.pptx' (588,729)
2025-05-14 09:17:49: Copy New 'msgraph://graph.microsoft.com/:drive:FCF7DA85B79B963A/School - Subject Notes/TY-Introduction-to-Coding-with-Python/Lesson 10 - Working with Lists/Lesson 10 - Working with lists.md' -> 'goodrive://www.googleapis.com/:shareddrives:/ICT Department/TY Coding Module/Lesson 10 - Working with Lists/Lesson 10 - Working with lists.md' (0)
2025-05-14 09:17:49: Create Folder goodrive://www.googleapis.com/:shareddrives:/ICT Department/TY Coding Module/Lesson 09 - Functions/Solutions
2025-05-14 09:17:50: Create Folder goodrive://www.googleapis.com/:shareddrives:/ICT Department/TY Coding Module/Lesson 11 - Working with Files
2025-05-14 09:17:51: Copy New 'msgraph://graph.microsoft.com/:drive:FCF7DA85B79B963A/School - Subject Notes/TY-Introduction-to-Coding-with-Python/Lesson 09 - Functions/Lesson 09 - Functions.md' -> 'goodrive://www.googleapis.com/:shareddrives:/ICT Department/TY Coding Module/Lesson 09 - Functions/Lesson 09 - Functions.md' (153)
2025-05-14 09:17:53: Copy New 'msgraph://graph.microsoft.com/:drive:FCF7DA85B79B963A/School - Subject Notes/TY-Introduction-to-Coding-with-Python/Lesson 07 - Iteration/Teaching Assets/Lesson 07 - Iteration.pptx' -> 'goodrive://www.googleapis.com/:shareddrives:/ICT Department/TY Coding Module/Lesson 07 - Iteration/Teaching Assets/Lesson 07 - Iteration.pptx' (590,692)
2025-05-14 09:17:54: Copy New 'msgraph://graph.microsoft.com/:drive:FCF7DA85B79B963A/School - Subject Notes/TY-Introduction-to-Coding-with-Python/Lesson 11 - Working with Files/Lesson 11 - Working with Lists.md' -> 'goodrive://www.googleapis.com/:shareddrives:/ICT Department/TY Coding Module/Lesson 11 - Working with Files/Lesson 11 - Working with Lists.md' (0)
2025-05-14 09:17:54: Copy New 'msgraph://graph.microsoft.com/:drive:FCF7DA85B79B963A/School - Subject Notes/TY-Introduction-to-Coding-with-Python/Lesson 09 - Functions/Solutions/Exercise01.py' -> 'goodrive://www.googleapis.com/:shareddrives:/ICT Department/TY Coding Module/Lesson 09 - Functions/Solutions/Exercise01.py' (64)
2025-05-14 09:17:55: Create Folder goodrive://www.googleapis.com/:shareddrives:/ICT Department/TY Coding Module/Lesson 13 - Creating a GUI with Tkinter
2025-05-14 09:17:55: Create Folder goodrive://www.googleapis.com/:shareddrives:/ICT Department/TY Coding Module/Lesson 12 - Working with External Libraries
2025-05-14 09:17:55: Create Folder goodrive://www.googleapis.com/:shareddrives:/ICT Department/TY Coding Module/Lesson 14 - Create a basic Text Editor
2025-05-14 09:17:55: Create Folder goodrive://www.googleapis.com/:shareddrives:/ICT Department/TY Coding Module/Lesson 15 - Introduction to Web Scraping
2025-05-14 09:17:58: Copy New 'msgraph://graph.microsoft.com/:drive:FCF7DA85B79B963A/School - Subject Notes/TY-Introduction-to-Coding-with-Python/Lesson 13 - Creating a GUI with Tkinter/Lesson 13 - Creating a GUI with Tkinter.md' -> 'goodrive://www.googleapis.com/:shareddrives:/ICT Department/TY Coding Module/Lesson 13 - Creating a GUI with Tkinter/Lesson 13 - Creating a GUI with Tkinter.md' (0)
2025-05-14 09:17:58: Copy New 'msgraph://graph.microsoft.com/:drive:FCF7DA85B79B963A/School - Subject Notes/TY-Introduction-to-Coding-with-Python/Lesson 12 - Working with External Libraries/Lesson 12 - Working with Extrernal Libraries.md' -> 'goodrive://www.googleapis.com/:shareddrives:/ICT Department/TY Coding Module/Lesson 12 - Working with External Libraries/Lesson 12 - Working with Extrernal Libraries.md' (0)
2025-05-14 09:17:58: Copy New 'msgraph://graph.microsoft.com/:drive:FCF7DA85B79B963A/School - Subject Notes/TY-Introduction-to-Coding-with-Python/Lesson 14 - Create a basic Text Editor/Lesson 14 - Create a Basic Text Editor.md' -> 'goodrive://www.googleapis.com/:shareddrives:/ICT Department/TY Coding Module/Lesson 14 - Create a basic Text Editor/Lesson 14 - Create a Basic Text Editor.md' (0)
2025-05-14 09:18:01: Copy New 'msgraph://graph.microsoft.com/:drive:FCF7DA85B79B963A/School - Subject Notes/TY-Introduction-to-Coding-with-Python/Lesson 15 - Introduction to Web Scraping/Lesson 15 - Introduction to Web Scraping.md' -> 'goodrive://www.googleapis.com/:shareddrives:/ICT Department/TY Coding Module/Lesson 15 - Introduction to Web Scraping/Lesson 15 - Introduction to Web Scraping.md' (0)
2025-05-14 09:18:03: Copy New 'msgraph://graph.microsoft.com/:drive:FCF7DA85B79B963A/School - Subject Notes/TY-Introduction-to-Coding-with-Python/README.md' -> 'goodrive://www.googleapis.com/:shareddrives:/ICT Department/TY Coding Module/README.md' (1,190)
2025-05-14 09:18:03: CopyFileSimple: CloseUpload: ERR: Cannot flush chunk: [SSL sending [-1] graph.microsoft.com:443]: Connection was reset by remote machine
2025-05-14 09:18:03: Waiting for 0+4(120) sec on verb CopyFileSimple: CloseUpload: Cannot flush chunk: [SSL sending [-1] graph.microsoft.com:443]: Connection was reset by remote machine
2025-05-14 09:18:08: Recovered the connection, continuing operations
2025-05-14 09:18:09: Save State File msgraph://graph.microsoft.com/:drive:FCF7DA85B79B963A/School - Subject Notes/TY-Introduction-to-Coding-with-Python/_gsdata_/_file_state_v4._gs
2025-05-14 09:18:09: CopyFileSimple: CloseUpload: ERR: Unexpected EOF when reading reply
2025-05-14 09:18:09: Waiting for 0+4(120) sec on verb CopyFileSimple: CloseUpload: Unexpected EOF when reading reply
2025-05-14 09:18:13: Recovered the connection, continuing operations
2025-05-14 09:18:15: Save State File goodrive://www.googleapis.com/:shareddrives:/ICT Department/TY Coding Module/_gsdata_/_file_state_v4._gs
2025-05-14 09:18:15: == Sync Complete. Time: 00:05:09, Speed: 150.62 KB/s, OK: 237, Errors: 0
